0 info it worked if it ends with ok
1 verbose cli [ '/usr/bin/node', '/usr/bin/npm', 'run', 'build:local' ]
2 info using npm@3.10.10
3 info using node@v6.14.3
4 verbose run-script [ 'prebuild:local', 'build:local', 'postbuild:local' ]
5 info lifecycle todo-list@1.0.0~prebuild:local: todo-list@1.0.0
6 silly lifecycle todo-list@1.0.0~prebuild:local: no script for prebuild:local, continuing
7 info lifecycle todo-list@1.0.0~build:local: todo-list@1.0.0
8 verbose lifecycle todo-list@1.0.0~build:local: unsafe-perm in lifecycle true
9 verbose lifecycle todo-list@1.0.0~build:local: PATH: /usr/lib/node_modules/npm/bin/node-gyp-bin:/home/kevin/Documents/todo-list/node_modules/.bin:/home/kevin/.dropbox-bin:/home/kevin/bin:/home/kevin/.local/bin:/usr/local/sbin:/usr/local/bin:/usr/sbin:/usr/bin:/sbin:/bin:/usr/games:/usr/local/games:/snap/bin
10 verbose lifecycle todo-list@1.0.0~build:local: CWD: /home/kevin/Documents/todo-list
11 silly lifecycle todo-list@1.0.0~build:local: Args: [ '-c', 'webpack --env.NODE_ENV=local' ]
12 silly lifecycle todo-list@1.0.0~build:local: Returned: code: 2  signal: null
13 info lifecycle todo-list@1.0.0~build:local: Failed to exec build:local script
14 verbose stack Error: todo-list@1.0.0 build:local: `webpack --env.NODE_ENV=local`
14 verbose stack Exit status 2
14 verbose stack     at EventEmitter.<anonymous> (/usr/lib/node_modules/npm/lib/utils/lifecycle.js:255:16)
14 verbose stack     at emitTwo (events.js:106:13)
14 verbose stack     at EventEmitter.emit (events.js:191:7)
14 verbose stack     at ChildProcess.<anonymous> (/usr/lib/node_modules/npm/lib/utils/spawn.js:40:14)
14 verbose stack     at emitTwo (events.js:106:13)
14 verbose stack     at ChildProcess.emit (events.js:191:7)
14 verbose stack     at maybeClose (internal/child_process.js:920:16)
14 verbose stack     at Process.ChildProcess._handle.onexit (internal/child_process.js:230:5)
15 verbose pkgid todo-list@1.0.0
16 verbose cwd /home/kevin/Documents/todo-list
17 error Linux 4.13.0-38-generic
18 error argv "/usr/bin/node" "/usr/bin/npm" "run" "build:local"
19 error node v6.14.3
20 error npm  v3.10.10
21 error code ELIFECYCLE
22 error todo-list@1.0.0 build:local: `webpack --env.NODE_ENV=local`
22 error Exit status 2
23 error Failed at the todo-list@1.0.0 build:local script 'webpack --env.NODE_ENV=local'.
23 error Make sure you have the latest version of node.js and npm installed.
23 error If you do, this is most likely a problem with the todo-list package,
23 error not with npm itself.
23 error Tell the author that this fails on your system:
23 error     webpack --env.NODE_ENV=local
23 error You can get information on how to open an issue for this project with:
23 error     npm bugs todo-list
23 error Or if that isn't available, you can get their info via:
23 error     npm owner ls todo-list
23 error There is likely additional logging output above.
24 verbose exit [ 1, true ]
